<?xml version="1.0" encoding="UTF-8"?>
<!-- Generated by org.testng.reporters.JUnitReportReporter -->
<testsuite hostname="CAPTAIN-SHASHI" failures="0" tests="3" name="pavanpatil.Data_Provider_1" time="0.011" errors="0" timestamp="2021-04-10T15:21:40 IST" skipped="0">
  <testcase classname="pavanpatil.Data_Provider_1" name="testcity" time="0.007"/>
  <system-out/>
  <testcase classname="pavanpatil.Data_Provider_1" name="testcity" time="0.002"/>
  <system-out/>
  <testcase classname="pavanpatil.Data_Provider_1" name="testcity" time="0.002"/>
  <system-out/>
</testsuite> <!-- pavanpatil.Data_Provider_1 -->
