<?xml version="1.0" encoding="UTF-8"?>
<!-- Generated by org.testng.reporters.JUnitReportReporter -->
<testsuite hostname="CAPTAIN-SHASHI" failures="0" tests="1" name="scripts.TestCase_08" time="9.441" errors="0" timestamp="2021-04-19T11:17:12 IST" skipped="0">
  <testcase classname="scripts.TestCase_08" name="PurchaseOrder" time="9.441"/>
  <system-out/>
</testsuite> <!-- scripts.TestCase_08 -->
