<?xml version="1.0" encoding="UTF-8"?>
<!-- Generated by org.testng.reporters.JUnitReportReporter -->
<testsuite hostname="CAPTAIN-SHASHI" failures="0" tests="1" name="scripts.TestCase_09" time="10.112" errors="0" timestamp="2021-04-19T11:18:05 IST" skipped="0">
  <testcase classname="scripts.TestCase_09" name="PurchaseOrder" time="10.112"/>
  <system-out/>
</testsuite> <!-- scripts.TestCase_09 -->
