<?xml version="1.0" encoding="UTF-8"?>
<!-- Generated by org.testng.reporters.JUnitReportReporter -->
<testsuite hostname="CAPTAIN-SHASHI" failures="0" tests="1" name="scripts.PurchaseOrder" time="10.006" errors="0" timestamp="2021-04-19T09:41:08 IST" skipped="0">
  <testcase classname="scripts.PurchaseOrder" name="PurchaseOrder" time="10.006"/>
  <system-out/>
</testsuite> <!-- scripts.PurchaseOrder -->
